# JRE version: OpenJDK Runtime Environment (8.0_222-b10) (build 1.8.0_222-8u222-b10-1ubuntu1~16.04.1-b10)
# Java VM: OpenJDK 64-Bit Server VM (25.222-b10 mixed mode linux-amd64 compressed oops)
Heap:
 PSYoungGen      total 268288K, used 10228K [0x000000076d100000, 0x000000077e100000, 0x00000007c0000000)
  eden space 258048K, 0% used [0x000000076d100000,0x000000076d100000,0x000000077cd00000)
  from space 10240K, 99% used [0x000000077cd00000,0x000000077d6fd150,0x000000077d700000)
  to   space 10240K, 0% used [0x000000077d700000,0x000000077d700000,0x000000077e100000)
 ParOldGen       total 78848K, used 17221K [0x00000006c7200000, 0x00000006cbf00000, 0x000000076d100000)
  object space 78848K, 21% used [0x00000006c7200000,0x00000006c82d15f0,0x00000006cbf00000)
 Metaspace       used 33147K, capacity 34648K, committed 34812K, reserved 1079296K
  class space    used 4291K, capacity 4594K, committed 4604K, reserved 1048576K
GC Heap History (10 events):
Event: 0,661 GC heap after
Heap after GC invocations=1 (full 0):
 PSYoungGen      total 74752K, used 6490K [0x000000076d100000, 0x0000000776300000, 0x00000007c0000000)
  eden space 64512K, 0% used [0x000000076d100000,0x000000076d100000,0x0000000771000000)
  from space 10240K, 63% used [0x0000000771000000,0x0000000771656a18,0x0000000771a00000)
  to   space 10240K, 0% used [0x0000000775900000,0x0000000775900000,0x0000000776300000)
 ParOldGen       total 171008K, used 16K [0x00000006c7200000, 0x00000006d1900000, 0x000000076d100000)
  object space 171008K, 0% used [0x00000006c7200000,0x00000006c7204000,0x00000006d1900000)
 Metaspace       used 13003K, capacity 13296K, committed 13568K, reserved 1060864K
  class space    used 1562K, capacity 1678K, committed 1792K, reserved 1048576K
}
Event: 0,834 GC heap before
{Heap before GC invocations=2 (full 0):
 PSYoungGen      total 74752K, used 71002K [0x000000076d100000, 0x0000000776300000, 0x00000007c0000000)
  eden space 64512K, 100% used [0x000000076d100000,0x0000000771000000,0x0000000771000000)
  from space 10240K, 63% used [0x0000000771000000,0x0000000771656a18,0x0000000771a00000)
  to   space 10240K, 0% used [0x0000000775900000,0x0000000775900000,0x0000000776300000)
 ParOldGen       total 171008K, used 16K [0x00000006c7200000, 0x00000006d1900000, 0x000000076d100000)
  object space 171008K, 0% used [0x00000006c7200000,0x00000006c7204000,0x00000006d1900000)
 Metaspace       used 17790K, capacity 18264K, committed 18432K, reserved 1064960K
  class space    used 2274K, capacity 2440K, committed 2560K, reserved 1048576K
Event: 0,840 GC heap after
Heap after GC invocations=2 (full 0):
 PSYoungGen      total 139264K, used 8478K [0x000000076d100000, 0x0000000776300000, 0x00000007c0000000)
  eden space 129024K, 0% used [0x000000076d100000,0x000000076d100000,0x0000000774f00000)
  from space 10240K, 82% used [0x0000000775900000,0x0000000776147ac8,0x0000000776300000)
  to   space 10240K, 0% used [0x0000000774f00000,0x0000000774f00000,0x0000000775900000)
 ParOldGen       total 171008K, used 24K [0x00000006c7200000, 0x00000006d1900000, 0x000000076d100000)
  object space 171008K, 0% used [0x00000006c7200000,0x00000006c7206000,0x00000006d1900000)
 Metaspace       used 17790K, capacity 18264K, committed 18432K, reserved 1064960K
  class space    used 2274K, capacity 2440K, committed 2560K, reserved 1048576K
}
Event: 0,913 GC heap before
{Heap before GC invocations=3 (full 0):
 PSYoungGen      total 139264K, used 36132K [0x000000076d100000, 0x0000000776300000, 0x00000007c0000000)
  eden space 129024K, 21% used [0x000000076d100000,0x000000076ec01740,0x0000000774f00000)
  from space 10240K, 82% used [0x0000000775900000,0x0000000776147ac8,0x0000000776300000)
  to   space 10240K, 0% used [0x0000000774f00000,0x0000000774f00000,0x0000000775900000)
 ParOldGen       total 171008K, used 24K [0x00000006c7200000, 0x00000006d1900000, 0x000000076d100000)
  object space 171008K, 0% used [0x00000006c7200000,0x00000006c7206000,0x00000006d1900000)
 Metaspace       used 20672K, capacity 21240K, committed 21504K, reserved 1069056K
  class space    used 2630K, capacity 2772K, committed 2816K, reserved 1048576K
Event: 0,923 GC heap after
Heap after GC invocations=3 (full 0):
 PSYoungGen      total 139264K, used 6735K [0x000000076d100000, 0x000000077e100000, 0x00000007c0000000)
  eden space 129024K, 0% used [0x000000076d100000,0x000000076d100000,0x0000000774f00000)
  from space 10240K, 65% used [0x0000000774f00000,0x0000000775593e38,0x0000000775900000)
  to   space 10240K, 0% used [0x000000077d700000,0x000000077d700000,0x000000077e100000)
 ParOldGen       total 171008K, used 32K [0x00000006c7200000, 0x00000006d1900000, 0x000000076d100000)
  object space 171008K, 0% used [0x00000006c7200000,0x00000006c7208000,0x00000006d1900000)
 Metaspace       used 20672K, capacity 21240K, committed 21504K, reserved 1069056K
  class space    used 2630K, capacity 2772K, committed 2816K, reserved 1048576K
}
Event: 0,930 GC heap before
{Heap before GC invocations=4 (full 0):
 PSYoungGen      total 139264K, used 10077K [0x000000076d100000, 0x000000077e100000, 0x00000007c0000000)
  eden space 129024K, 2% used [0x000000076d100000,0x000000076d4437b8,0x0000000774f00000)
  from space 10240K, 65% used [0x0000000774f00000,0x0000000775593e38,0x0000000775900000)
  to   space 10240K, 0% used [0x000000077d700000,0x000000077d700000,0x000000077e100000)
 ParOldGen       total 171008K, used 32K [0x00000006c7200000, 0x00000006d1900000, 0x000000076d100000)
  object space 171008K, 0% used [0x00000006c7200000,0x00000006c7208000,0x00000006d1900000)
 Metaspace       used 20950K, capacity 21438K, committed 21628K, reserved 1069056K
  class space    used 2666K, capacity 2837K, committed 2940K, reserved 1048576K
Event: 0,935 GC heap after
Heap after GC invocations=4 (full 0):
 PSYoungGen      total 268288K, used 4966K [0x000000076d100000, 0x000000077e100000, 0x00000007c0000000)
  eden space 258048K, 0% used [0x000000076d100000,0x000000076d100000,0x000000077cd00000)
  from space 10240K, 48% used [0x000000077d700000,0x000000077dbd9880,0x000000077e100000)
  to   space 10240K, 0% used [0x000000077cd00000,0x000000077cd00000,0x000000077d700000)
 ParOldGen       total 171008K, used 40K [0x00000006c7200000, 0x00000006d1900000, 0x000000076d100000)
  object space 171008K, 0% used [0x00000006c7200000,0x00000006c720a000,0x00000006d1900000)
 Metaspace       used 20950K, capacity 21438K, committed 21628K, reserved 1069056K
  class space    used 2666K, capacity 2837K, committed 2940K, reserved 1048576K
}
Event: 0,935 GC heap before
{Heap before GC invocations=5 (full 1):
 PSYoungGen      total 268288K, used 4966K [0x000000076d100000, 0x000000077e100000, 0x00000007c0000000)
  eden space 258048K, 0% used [0x000000076d100000,0x000000076d100000,0x000000077cd00000)
  from space 10240K, 48% used [0x000000077d700000,0x000000077dbd9880,0x000000077e100000)
  to   space 10240K, 0% used [0x000000077cd00000,0x000000077cd00000,0x000000077d700000)
 ParOldGen       total 171008K, used 40K [0x00000006c7200000, 0x00000006d1900000, 0x000000076d100000)
  object space 171008K, 0% used [0x00000006c7200000,0x00000006c720a000,0x00000006d1900000)
 Metaspace       used 20950K, capacity 21438K, committed 21628K, reserved 1069056K
  class space    used 2666K, capacity 2837K, committed 2940K, reserved 1048576K
Event: 0,956 GC heap after
Heap after GC invocations=5 (full 1):
 PSYoungGen      total 268288K, used 0K [0x000000076d100000, 0x000000077e100000, 0x00000007c0000000)
  eden space 258048K, 0% used [0x000000076d100000,0x000000076d100000,0x000000077cd00000)
  from space 10240K, 0% used [0x000000077d700000,0x000000077d700000,0x000000077e100000)
  to   space 10240K, 0% used [0x000000077cd00000,0x000000077cd00000,0x000000077d700000)
 ParOldGen       total 78848K, used 4807K [0x00000006c7200000, 0x00000006cbf00000, 0x000000076d100000)
  object space 78848K, 6% used [0x00000006c7200000,0x00000006c76b1d00,0x00000006cbf00000)
 Metaspace       used 20949K, capacity 21432K, committed 21628K, reserved 1069056K
  class space    used 2665K, capacity 2836K, committed 2940K, reserved 1048576K
}
Event: 2,678 GC heap before
{Heap before GC invocations=6 (full 1):
 PSYoungGen      total 268288K, used 258048K [0x000000076d100000, 0x000000077e100000, 0x00000007c0000000)
  eden space 258048K, 100% used [0x000000076d100000,0x000000077cd00000,0x000000077cd00000)
  from space 10240K, 0% used [0x000000077d700000,0x000000077d700000,0x000000077e100000)
  to   space 10240K, 0% used [0x000000077cd00000,0x000000077cd00000,0x000000077d700000)
 ParOldGen       total 78848K, used 4807K [0x00000006c7200000, 0x00000006cbf00000, 0x000000076d100000)
  object space 78848K, 6% used [0x00000006c7200000,0x00000006c76b1d00,0x00000006cbf00000)
 Metaspace       used 33147K, capacity 34648K, committed 34812K, reserved 1079296K
  class space    used 4291K, capacity 4594K, committed 4604K, reserved 1048576K

