# JRE version: OpenJDK Runtime Environment (8.0_222-b10) (build 1.8.0_222-8u222-b10-1ubuntu1~16.04.1-b10)
# Java VM: OpenJDK 64-Bit Server VM (25.222-b10 mixed mode linux-amd64 compressed oops)
Heap:
 PSYoungGen      total 518656K, used 3775K [0x000000076d100000, 0x000000078eb80000, 0x00000007c0000000)
  eden space 488448K, 0% used [0x000000076d100000,0x000000076d100000,0x000000078ae00000)
  from space 30208K, 12% used [0x000000078ae00000,0x000000078b1aff00,0x000000078cb80000)
  to   space 30208K, 0% used [0x000000078cb80000,0x000000078cb80000,0x000000078e900000)
 ParOldGen       total 113152K, used 52254K [0x00000006c7200000, 0x00000006ce080000, 0x000000076d100000)
  object space 113152K, 46% used [0x00000006c7200000,0x00000006ca5079e8,0x00000006ce080000)
 Metaspace       used 34659K, capacity 35322K, committed 35416K, reserved 1081344K
  class space    used 4423K, capacity 4574K, committed 4608K, reserved 1048576K
GC Heap History (10 events):
Event: 5,957 GC heap after
Heap after GC invocations=11 (full 1):
 PSYoungGen      total 265216K, used 11362K [0x000000076d100000, 0x000000077e880000, 0x00000007c0000000)
  eden space 245248K, 0% used [0x000000076d100000,0x000000076d100000,0x000000077c080000)
  from space 19968K, 56% used [0x000000077d500000,0x000000077e018a18,0x000000077e880000)
  to   space 20480K, 0% used [0x000000077c080000,0x000000077c080000,0x000000077d480000)
 ParOldGen       total 113152K, used 24505K [0x00000006c7200000, 0x00000006ce080000, 0x000000076d100000)
  object space 113152K, 21% used [0x00000006c7200000,0x00000006c89ee568,0x00000006ce080000)
 Metaspace       used 31429K, capacity 31898K, committed 32128K, reserved 1077248K
  class space    used 3996K, capacity 4119K, committed 4224K, reserved 1048576K
}
Event: 6,591 GC heap before
{Heap before GC invocations=12 (full 1):
 PSYoungGen      total 265216K, used 256610K [0x000000076d100000, 0x000000077e880000, 0x00000007c0000000)
  eden space 245248K, 100% used [0x000000076d100000,0x000000077c080000,0x000000077c080000)
  from space 19968K, 56% used [0x000000077d500000,0x000000077e018a18,0x000000077e880000)
  to   space 20480K, 0% used [0x000000077c080000,0x000000077c080000,0x000000077d480000)
 ParOldGen       total 113152K, used 24505K [0x00000006c7200000, 0x00000006ce080000, 0x000000076d100000)
  object space 113152K, 21% used [0x00000006c7200000,0x00000006c89ee568,0x00000006ce080000)
 Metaspace       used 31961K, capacity 32446K, committed 32640K, reserved 1077248K
  class space    used 4065K, capacity 4189K, committed 4224K, reserved 1048576K
Event: 6,599 GC heap after
Heap after GC invocations=12 (full 1):
 PSYoungGen      total 265728K, used 10797K [0x000000076d100000, 0x0000000784780000, 0x00000007c0000000)
  eden space 245248K, 0% used [0x000000076d100000,0x000000076d100000,0x000000077c080000)
  from space 20480K, 52% used [0x000000077c080000,0x000000077cb0b440,0x000000077d480000)
  to   space 19968K, 0% used [0x0000000783400000,0x0000000783400000,0x0000000784780000)
 ParOldGen       total 113152K, used 28732K [0x00000006c7200000, 0x00000006ce080000, 0x000000076d100000)
  object space 113152K, 25% used [0x00000006c7200000,0x00000006c8e0f0a8,0x00000006ce080000)
 Metaspace       used 31961K, capacity 32446K, committed 32640K, reserved 1077248K
  class space    used 4065K, capacity 4189K, committed 4224K, reserved 1048576K
}
Event: 7,266 GC heap before
{Heap before GC invocations=13 (full 1):
 PSYoungGen      total 265728K, used 256045K [0x000000076d100000, 0x0000000784780000, 0x00000007c0000000)
  eden space 245248K, 100% used [0x000000076d100000,0x000000077c080000,0x000000077c080000)
  from space 20480K, 52% used [0x000000077c080000,0x000000077cb0b440,0x000000077d480000)
  to   space 19968K, 0% used [0x0000000783400000,0x0000000783400000,0x0000000784780000)
 ParOldGen       total 113152K, used 28732K [0x00000006c7200000, 0x00000006ce080000, 0x000000076d100000)
  object space 113152K, 25% used [0x00000006c7200000,0x00000006c8e0f0a8,0x00000006ce080000)
 Metaspace       used 32897K, capacity 33372K, committed 33536K, reserved 1079296K
  class space    used 4188K, capacity 4322K, committed 4352K, reserved 1048576K
Event: 7,276 GC heap after
Heap after GC invocations=13 (full 1):
 PSYoungGen      total 361472K, used 18094K [0x000000076d100000, 0x0000000784b00000, 0x00000007c0000000)
  eden space 341504K, 0% used [0x000000076d100000,0x000000076d100000,0x0000000781e80000)
  from space 19968K, 90% used [0x0000000783400000,0x00000007845abbe0,0x0000000784780000)
  to   space 22016K, 0% used [0x0000000781e80000,0x0000000781e80000,0x0000000783400000)
 ParOldGen       total 113152K, used 30612K [0x00000006c7200000, 0x00000006ce080000, 0x000000076d100000)
  object space 113152K, 27% used [0x00000006c7200000,0x00000006c8fe50e8,0x00000006ce080000)
 Metaspace       used 32897K, capacity 33372K, committed 33536K, reserved 1079296K
  class space    used 4188K, capacity 4322K, committed 4352K, reserved 1048576K
}
Event: 8,153 GC heap before
{Heap before GC invocations=14 (full 1):
 PSYoungGen      total 361472K, used 359598K [0x000000076d100000, 0x0000000784b00000, 0x00000007c0000000)
  eden space 341504K, 100% used [0x000000076d100000,0x0000000781e80000,0x0000000781e80000)
  from space 19968K, 90% used [0x0000000783400000,0x00000007845abbe0,0x0000000784780000)
  to   space 22016K, 0% used [0x0000000781e80000,0x0000000781e80000,0x0000000783400000)
 ParOldGen       total 113152K, used 30612K [0x00000006c7200000, 0x00000006ce080000, 0x000000076d100000)
  object space 113152K, 27% used [0x00000006c7200000,0x00000006c8fe50e8,0x00000006ce080000)
 Metaspace       used 33655K, capacity 34126K, committed 34432K, reserved 1079296K
  class space    used 4288K, capacity 4421K, committed 4480K, reserved 1048576K
Event: 8,185 GC heap after
Heap after GC invocations=14 (full 1):
 PSYoungGen      total 363520K, used 22002K [0x000000076d100000, 0x000000078e900000, 0x00000007c0000000)
  eden space 341504K, 0% used [0x000000076d100000,0x000000076d100000,0x0000000781e80000)
  from space 22016K, 99% used [0x0000000781e80000,0x00000007833fcb10,0x0000000783400000)
  to   space 30208K, 0% used [0x000000078cb80000,0x000000078cb80000,0x000000078e900000)
 ParOldGen       total 113152K, used 44870K [0x00000006c7200000, 0x00000006ce080000, 0x000000076d100000)
  object space 113152K, 39% used [0x00000006c7200000,0x00000006c9dd1b18,0x00000006ce080000)
 Metaspace       used 33655K, capacity 34126K, committed 34432K, reserved 1079296K
  class space    used 4288K, capacity 4421K, committed 4480K, reserved 1048576K
}
Event: 9,204 GC heap before
{Heap before GC invocations=15 (full 1):
 PSYoungGen      total 363520K, used 363506K [0x000000076d100000, 0x000000078e900000, 0x00000007c0000000)
  eden space 341504K, 100% used [0x000000076d100000,0x0000000781e80000,0x0000000781e80000)
  from space 22016K, 99% used [0x0000000781e80000,0x00000007833fcb10,0x0000000783400000)
  to   space 30208K, 0% used [0x000000078cb80000,0x000000078cb80000,0x000000078e900000)
 ParOldGen       total 113152K, used 44870K [0x00000006c7200000, 0x00000006ce080000, 0x000000076d100000)
  object space 113152K, 39% used [0x00000006c7200000,0x00000006c9dd1b18,0x00000006ce080000)
 Metaspace       used 34500K, capacity 35246K, committed 35328K, reserved 1079296K
  class space    used 4402K, capacity 4571K, committed 4608K, reserved 1048576K
Event: 9,230 GC heap after
Heap after GC invocations=15 (full 1):
 PSYoungGen      total 518656K, used 18032K [0x000000076d100000, 0x000000078eb80000, 0x00000007c0000000)
  eden space 488448K, 0% used [0x000000076d100000,0x000000076d100000,0x000000078ae00000)
  from space 30208K, 59% used [0x000000078cb80000,0x000000078dd1c020,0x000000078e900000)
  to   space 30208K, 0% used [0x000000078ae00000,0x000000078ae00000,0x000000078cb80000)
 ParOldGen       total 113152K, used 47782K [0x00000006c7200000, 0x00000006ce080000, 0x000000076d100000)
  object space 113152K, 42% used [0x00000006c7200000,0x00000006ca0a99e8,0x00000006ce080000)
 Metaspace       used 34500K, capacity 35246K, committed 35328K, reserved 1079296K
  class space    used 4402K, capacity 4571K, committed 4608K, reserved 1048576K
}
Event: 9,431 GC heap before
{Heap before GC invocations=16 (full 1):
 PSYoungGen      total 518656K, used 75512K [0x000000076d100000, 0x000000078eb80000, 0x00000007c0000000)
  eden space 488448K, 11% used [0x000000076d100000,0x0000000770922120,0x000000078ae00000)
  from space 30208K, 59% used [0x000000078cb80000,0x000000078dd1c020,0x000000078e900000)
  to   space 30208K, 0% used [0x000000078ae00000,0x000000078ae00000,0x000000078cb80000)
 ParOldGen       total 113152K, used 47782K [0x00000006c7200000, 0x00000006ce080000, 0x000000076d100000)
  object space 113152K, 42% used [0x00000006c7200000,0x00000006ca0a99e8,0x00000006ce080000)
 Metaspace       used 34659K, capacity 35322K, committed 35416K, reserved 1081344K
  class space    used 4423K, capacity 4574K, committed 4608K, reserved 1048576K

