# JRE version: OpenJDK Runtime Environment (8.0_222-b10) (build 1.8.0_222-8u222-b10-1ubuntu1~16.04.1-b10)
# Java VM: OpenJDK 64-Bit Server VM (25.222-b10 mixed mode linux-amd64 compressed oops)
Heap:
 PSYoungGen      total 269312K, used 16379K [0x000000076d100000, 0x0000000781200000, 0x00000007c0000000)
  eden space 252928K, 0% used [0x000000076d100000,0x000000076d100000,0x000000077c800000)
  from space 16384K, 99% used [0x0000000780200000,0x00000007811fef00,0x0000000781200000)
  to   space 10240K, 0% used [0x000000077c800000,0x000000077c800000,0x000000077d200000)
 ParOldGen       total 115200K, used 23249K [0x00000006c7200000, 0x00000006ce280000, 0x000000076d100000)
  object space 115200K, 20% used [0x00000006c7200000,0x00000006c88b4628,0x00000006ce280000)
 Metaspace       used 30696K, capacity 31156K, committed 31488K, reserved 1077248K
  class space    used 3896K, capacity 4022K, committed 4096K, reserved 1048576K
GC Heap History (10 events):
Event: 2,123 GC heap after
Heap after GC invocations=2 (full 0):
 PSYoungGen      total 139264K, used 10233K [0x000000076d100000, 0x0000000776300000, 0x00000007c0000000)
  eden space 129024K, 0% used [0x000000076d100000,0x000000076d100000,0x0000000774f00000)
  from space 10240K, 99% used [0x0000000775900000,0x00000007762fe600,0x0000000776300000)
  to   space 10240K, 0% used [0x0000000774f00000,0x0000000774f00000,0x0000000775900000)
 ParOldGen       total 171008K, used 827K [0x00000006c7200000, 0x00000006d1900000, 0x000000076d100000)
  object space 171008K, 0% used [0x00000006c7200000,0x00000006c72cedd8,0x00000006d1900000)
 Metaspace       used 17504K, capacity 17780K, committed 17920K, reserved 1064960K
  class space    used 2142K, capacity 2234K, committed 2304K, reserved 1048576K
}
Event: 3,497 GC heap before
{Heap before GC invocations=3 (full 0):
 PSYoungGen      total 139264K, used 74667K [0x000000076d100000, 0x0000000776300000, 0x00000007c0000000)
  eden space 129024K, 49% used [0x000000076d100000,0x0000000770fec7a0,0x0000000774f00000)
  from space 10240K, 99% used [0x0000000775900000,0x00000007762fe600,0x0000000776300000)
  to   space 10240K, 0% used [0x0000000774f00000,0x0000000774f00000,0x0000000775900000)
 ParOldGen       total 171008K, used 827K [0x00000006c7200000, 0x00000006d1900000, 0x000000076d100000)
  object space 171008K, 0% used [0x00000006c7200000,0x00000006c72cedd8,0x00000006d1900000)
 Metaspace       used 20761K, capacity 21088K, committed 21248K, reserved 1067008K
  class space    used 2582K, capacity 2696K, committed 2816K, reserved 1048576K
Event: 3,507 GC heap after
Heap after GC invocations=3 (full 0):
 PSYoungGen      total 139264K, used 10218K [0x000000076d100000, 0x000000077e100000, 0x00000007c0000000)
  eden space 129024K, 0% used [0x000000076d100000,0x000000076d100000,0x0000000774f00000)
  from space 10240K, 99% used [0x0000000774f00000,0x00000007758fa940,0x0000000775900000)
  to   space 10240K, 0% used [0x000000077d700000,0x000000077d700000,0x000000077e100000)
 ParOldGen       total 171008K, used 2087K [0x00000006c7200000, 0x00000006d1900000, 0x000000076d100000)
  object space 171008K, 1% used [0x00000006c7200000,0x00000006c7409d58,0x00000006d1900000)
 Metaspace       used 20761K, capacity 21088K, committed 21248K, reserved 1067008K
  class space    used 2582K, capacity 2696K, committed 2816K, reserved 1048576K
}
Event: 3,507 GC heap before
{Heap before GC invocations=4 (full 1):
 PSYoungGen      total 139264K, used 10218K [0x000000076d100000, 0x000000077e100000, 0x00000007c0000000)
  eden space 129024K, 0% used [0x000000076d100000,0x000000076d100000,0x0000000774f00000)
  from space 10240K, 99% used [0x0000000774f00000,0x00000007758fa940,0x0000000775900000)
  to   space 10240K, 0% used [0x000000077d700000,0x000000077d700000,0x000000077e100000)
 ParOldGen       total 171008K, used 2087K [0x00000006c7200000, 0x00000006d1900000, 0x000000076d100000)
  object space 171008K, 1% used [0x00000006c7200000,0x00000006c7409d58,0x00000006d1900000)
 Metaspace       used 20761K, capacity 21088K, committed 21248K, reserved 1067008K
  class space    used 2582K, capacity 2696K, committed 2816K, reserved 1048576K
Event: 3,559 GC heap after
Heap after GC invocations=4 (full 1):
 PSYoungGen      total 139264K, used 0K [0x000000076d100000, 0x000000077e100000, 0x00000007c0000000)
  eden space 129024K, 0% used [0x000000076d100000,0x000000076d100000,0x0000000774f00000)
  from space 10240K, 0% used [0x0000000774f00000,0x0000000774f00000,0x0000000775900000)
  to   space 10240K, 0% used [0x000000077d700000,0x000000077d700000,0x000000077e100000)
 ParOldGen       total 115200K, used 11097K [0x00000006c7200000, 0x00000006ce280000, 0x000000076d100000)
  object space 115200K, 9% used [0x00000006c7200000,0x00000006c7cd66a8,0x00000006ce280000)
 Metaspace       used 20761K, capacity 21088K, committed 21248K, reserved 1067008K
  class space    used 2582K, capacity 2696K, committed 2816K, reserved 1048576K
}
Event: 4,085 GC heap before
{Heap before GC invocations=5 (full 1):
 PSYoungGen      total 139264K, used 129024K [0x000000076d100000, 0x000000077e100000, 0x00000007c0000000)
  eden space 129024K, 100% used [0x000000076d100000,0x0000000774f00000,0x0000000774f00000)
  from space 10240K, 0% used [0x0000000774f00000,0x0000000774f00000,0x0000000775900000)
  to   space 10240K, 0% used [0x000000077d700000,0x000000077d700000,0x000000077e100000)
 ParOldGen       total 115200K, used 11097K [0x00000006c7200000, 0x00000006ce280000, 0x000000076d100000)
  object space 115200K, 9% used [0x00000006c7200000,0x00000006c7cd66a8,0x00000006ce280000)
 Metaspace       used 21895K, capacity 22230K, committed 22400K, reserved 1069056K
  class space    used 2776K, capacity 2897K, committed 2944K, reserved 1048576K
Event: 4,095 GC heap after
Heap after GC invocations=5 (full 1):
 PSYoungGen      total 188416K, used 5020K [0x000000076d100000, 0x000000077dc00000, 0x00000007c0000000)
  eden space 183296K, 0% used [0x000000076d100000,0x000000076d100000,0x0000000778400000)
  from space 5120K, 98% used [0x000000077d700000,0x000000077dbe7138,0x000000077dc00000)
  to   space 10240K, 0% used [0x000000077c800000,0x000000077c800000,0x000000077d200000)
 ParOldGen       total 115200K, used 11105K [0x00000006c7200000, 0x00000006ce280000, 0x000000076d100000)
  object space 115200K, 9% used [0x00000006c7200000,0x00000006c7cd86a8,0x00000006ce280000)
 Metaspace       used 21895K, capacity 22230K, committed 22400K, reserved 1069056K
  class space    used 2776K, capacity 2897K, committed 2944K, reserved 1048576K
}
Event: 5,482 GC heap before
{Heap before GC invocations=6 (full 1):
 PSYoungGen      total 188416K, used 188316K [0x000000076d100000, 0x000000077dc00000, 0x00000007c0000000)
  eden space 183296K, 100% used [0x000000076d100000,0x0000000778400000,0x0000000778400000)
  from space 5120K, 98% used [0x000000077d700000,0x000000077dbe7138,0x000000077dc00000)
  to   space 10240K, 0% used [0x000000077c800000,0x000000077c800000,0x000000077d200000)
 ParOldGen       total 115200K, used 11105K [0x00000006c7200000, 0x00000006ce280000, 0x000000076d100000)
  object space 115200K, 9% used [0x00000006c7200000,0x00000006c7cd86a8,0x00000006ce280000)
 Metaspace       used 27458K, capacity 27946K, committed 28288K, reserved 1073152K
  class space    used 3523K, capacity 3663K, committed 3712K, reserved 1048576K
Event: 5,575 GC heap after
Heap after GC invocations=6 (full 1):
 PSYoungGen      total 263168K, used 10238K [0x000000076d100000, 0x0000000781200000, 0x00000007c0000000)
  eden space 252928K, 0% used [0x000000076d100000,0x000000076d100000,0x000000077c800000)
  from space 10240K, 99% used [0x000000077c800000,0x000000077d1ffb70,0x000000077d200000)
  to   space 16384K, 0% used [0x0000000780200000,0x0000000780200000,0x0000000781200000)
 ParOldGen       total 115200K, used 13670K [0x00000006c7200000, 0x00000006ce280000, 0x000000076d100000)
  object space 115200K, 11% used [0x00000006c7200000,0x00000006c7f59b20,0x00000006ce280000)
 Metaspace       used 27458K, capacity 27946K, committed 28288K, reserved 1073152K
  class space    used 3523K, capacity 3663K, committed 3712K, reserved 1048576K
}
Event: 18,785 GC heap before
{Heap before GC invocations=7 (full 1):
 PSYoungGen      total 263168K, used 263166K [0x000000076d100000, 0x0000000781200000, 0x00000007c0000000)
  eden space 252928K, 100% used [0x000000076d100000,0x000000077c800000,0x000000077c800000)
  from space 10240K, 99% used [0x000000077c800000,0x000000077d1ffb70,0x000000077d200000)
  to   space 16384K, 0% used [0x0000000780200000,0x0000000780200000,0x0000000781200000)
 ParOldGen       total 115200K, used 13670K [0x00000006c7200000, 0x00000006ce280000, 0x000000076d100000)
  object space 115200K, 11% used [0x00000006c7200000,0x00000006c7f59b20,0x00000006ce280000)
 Metaspace       used 30696K, capacity 31156K, committed 31488K, reserved 1077248K
  class space    used 3896K, capacity 4022K, committed 4096K, reserved 1048576K

